GradleBuild/AppLauncher/build/outputs/logs/manifest-merger-debug-report.txt
-- Merging decision tree log ---
manifest
ADDED from GradleBuild/AppLauncher/AndroidManifest.xml:2:1-121:12
	package
		ADDED from GradleBuild/AppLauncher/AndroidManifest.xml:3:11-29
	android:versionName
		INJECTED from GradleBuild/AppLauncher/AndroidManifest.xml
		INJECTED from GradleBuild/AppLauncher/AndroidManifest.xml
	xmlns:android
		ADDED from GradleBuild/AppLauncher/AndroidManifest.xml:2:11-69
	android:versionCode
		INJECTED from GradleBuild/AppLauncher/AndroidManifest.xml
		INJECTED from GradleBuild/AppLauncher/AndroidManifest.xml
	android:installLocation
		ADDED from GradleBuild/AppLauncher/AndroidManifest.xml:4:11-51
permission#org.cmas.permission.C2D_MESSAGE
ADDED from GradleBuild/AppLauncher/AndroidManifest.xml:7:5-101
	android:protectionLevel
		ADDED from GradleBuild/AppLauncher/AndroidManifest.xml:7:64-99
	android:name
		ADDED from GradleBuild/AppLauncher/AndroidManifest.xml:7:17-63
uses-permission#org.cmas.permission.C2D_MESSAGE
ADDED from GradleBuild/AppLauncher/AndroidManifest.xml:8:5-70
	android:name
		ADDED from GradleBuild/AppLauncher/AndroidManifest.xml:8:22-68
uses-permission#android.permission.ACCESS_NETWORK_STATE
ADDED from GradleBuild/AppLauncher/AndroidManifest.xml:10:5-78
MERGED from [com.google.firebase:firebase-analytics:9.6.1] AndroidManifest.xml:21:5-78
MERGED from [com.google.firebase:firebase-analytics-impl:9.6.1] AndroidManifest.xml:21:5-78
MERGED from [com.google.firebase:firebase-iid:9.6.1] AndroidManifest.xml:19:5-78
MERGED from [com.google.android.gms:play-services-maps:9.6.1] AndroidManifest.xml:19:5-78
	android:name
		ADDED from GradleBuild/AppLauncher/AndroidManifest.xml:10:22-76
uses-permission#android.permission.WRITE_EXTERNAL_STORAGE
ADDED from GradleBuild/AppLauncher/AndroidManifest.xml:12:5-80
	android:name
		ADDED from GradleBuild/AppLauncher/AndroidManifest.xml:12:22-78
uses-permission#com.google.android.c2dm.permission.RECEIVE
ADDED from GradleBuild/AppLauncher/AndroidManifest.xml:15:5-81
MERGED from [com.google.firebase:firebase-iid:9.6.1] AndroidManifest.xml:22:5-81
	android:name
		ADDED from GradleBuild/AppLauncher/AndroidManifest.xml:15:22-79
uses-permission#android.permission.INTERNET
ADDED from GradleBuild/AppLauncher/AndroidManifest.xml:17:5-66
MERGED from [com.google.firebase:firebase-analytics:9.6.1] AndroidManifest.xml:20:5-66
MERGED from [com.google.firebase:firebase-analytics-impl:9.6.1] AndroidManifest.xml:20:5-66
MERGED from [com.google.firebase:firebase-iid:9.6.1] AndroidManifest.xml:20:5-66
MERGED from [com.google.android.gms:play-services-maps:9.6.1] AndroidManifest.xml:20:5-66
	android:name
		ADDED from GradleBuild/AppLauncher/AndroidManifest.xml:17:22-64
uses-permission#android.permission.GET_ACCOUNTS
ADDED from GradleBuild/AppLauncher/AndroidManifest.xml:19:5-70
	android:name
		ADDED from GradleBuild/AppLauncher/AndroidManifest.xml:19:22-68
uses-permission#android.permission.WAKE_LOCK
ADDED from GradleBuild/AppLauncher/AndroidManifest.xml:21:5-67
MERGED from [com.google.firebase:firebase-analytics:9.6.1] AndroidManifest.xml:22:5-67
MERGED from [com.google.firebase:firebase-analytics-impl:9.6.1] AndroidManifest.xml:22:5-67
MERGED from [com.google.firebase:firebase-iid:9.6.1] AndroidManifest.xml:21:5-67
	android:name
		ADDED from GradleBuild/AppLauncher/AndroidManifest.xml:21:22-65
uses-permission#com.google.android.providers.gsf.permission.READ_GSERVICES
ADDED from GradleBuild/AppLauncher/AndroidManifest.xml:24:5-97
	android:name
		ADDED from GradleBuild/AppLauncher/AndroidManifest.xml:24:22-95
uses-permission#android.permission.ACCESS_COARSE_LOCATION
ADDED from GradleBuild/AppLauncher/AndroidManifest.xml:26:5-80
	android:name
		ADDED from GradleBuild/AppLauncher/AndroidManifest.xml:26:22-78
uses-permission#android.permission.ACCESS_FINE_LOCATION
ADDED from GradleBuild/AppLauncher/AndroidManifest.xml:27:5-78
	android:name
		ADDED from GradleBuild/AppLauncher/AndroidManifest.xml:27:22-76
uses-feature#0x00020000
ADDED from GradleBuild/AppLauncher/AndroidManifest.xml:28:5-30:38
MERGED from [com.google.android.gms:play-services-maps:9.6.1] AndroidManifest.xml:21:5-77
	android:glEsVersion
		ADDED from GradleBuild/AppLauncher/AndroidManifest.xml:29:13-45
	android:required
		ADDED from GradleBuild/AppLauncher/AndroidManifest.xml:30:13-36
uses-permission#android.permission.READ_CALENDAR
ADDED from GradleBuild/AppLauncher/AndroidManifest.xml:32:5-72
	android:name
		ADDED from GradleBuild/AppLauncher/AndroidManifest.xml:32:22-69
uses-permission#android.permission.WRITE_CALENDAR
ADDED from GradleBuild/AppLauncher/AndroidManifest.xml:33:5-73
	android:name
		ADDED from GradleBuild/AppLauncher/AndroidManifest.xml:33:22-70
uses-permission#android.permission.VIBRATE
ADDED from GradleBuild/AppLauncher/AndroidManifest.xml:35:5-65
	android:name
		ADDED from GradleBuild/AppLauncher/AndroidManifest.xml:35:22-63
uses-feature#android.hardware.telephony
ADDED from GradleBuild/AppLauncher/AndroidManifest.xml:37:5-87
	android:required
		ADDED from GradleBuild/AppLauncher/AndroidManifest.xml:37:61-85
	android:name
		ADDED from GradleBuild/AppLauncher/AndroidManifest.xml:37:19-60
permission#org.cmas.permission.MAPS_RECEIVE
ADDED from GradleBuild/AppLauncher/AndroidManifest.xml:39:5-41:50
	android:protectionLevel
		ADDED from GradleBuild/AppLauncher/AndroidManifest.xml:41:13-48
	android:name
		ADDED from GradleBuild/AppLauncher/AndroidManifest.xml:40:13-60
uses-permission#org.cmas.permission.MAPS_RECEIVE
ADDED from GradleBuild/AppLauncher/AndroidManifest.xml:42:5-71
	android:name
		ADDED from GradleBuild/AppLauncher/AndroidManifest.xml:42:22-69
application
ADDED from GradleBuild/AppLauncher/AndroidManifest.xml:44:5-120:19
MERGED from [GradleBuild:CMAS_Mobile:unspecified] AndroidManifest.xml:11:5-14:19
MERGED from [com.android.support:support-v4:24.2.1] AndroidManifest.xml:25:5-20
MERGED from [com.android.support:support-compat:24.2.1] AndroidManifest.xml:25:5-20
MERGED from [com.android.support:support-media-compat:24.2.1] AndroidManifest.xml:25:5-20
MERGED from [com.android.support:support-core-utils:24.2.1] AndroidManifest.xml:25:5-20
MERGED from [com.android.support:support-core-ui:24.2.1] AndroidManifest.xml:25:5-20
MERGED from [com.android.support:support-fragment:24.2.1] AndroidManifest.xml:25:5-20
MERGED from [com.android.support:appcompat-v7:24.2.1] AndroidManifest.xml:25:5-20
MERGED from [com.android.support:support-vector-drawable:24.2.1] AndroidManifest.xml:23:5-20
MERGED from [com.android.support:animated-vector-drawable:24.2.1] AndroidManifest.xml:22:5-20
MERGED from [com.google.firebase:firebase-core:9.6.1] AndroidManifest.xml:5:5-20
MERGED from [com.google.firebase:firebase-analytics:9.6.1] AndroidManifest.xml:24:5-33:19
MERGED from [com.google.android.gms:play-services-basement:9.6.1] AndroidManifest.xml:19:5-21:19
MERGED from [com.google.firebase:firebase-common:9.6.1] AndroidManifest.xml:4:5-7:19
MERGED from [com.google.android.gms:play-services-tasks:9.6.1] AndroidManifest.xml:4:5-19
MERGED from [com.google.firebase:firebase-analytics-impl:9.6.1] AndroidManifest.xml:24:5-28:19
MERGED from [com.google.firebase:firebase-iid:9.6.1] AndroidManifest.xml:28:5-50:19
MERGED from [com.google.firebase:firebase-messaging:9.6.1] AndroidManifest.xml:19:5-29:19
MERGED from [com.google.android.gms:play-services-maps:9.6.1] AndroidManifest.xml:24:5-19
MERGED from [com.google.android.gms:play-services-base:9.6.1] AndroidManifest.xml:18:5-20:19
MERGED from [com.google.android.gms:play-services-location:9.6.1] AndroidManifest.xml:4:5-19
	android:label
		ADDED from GradleBuild/AppLauncher/AndroidManifest.xml:44:18-50
	android:allowBackup
		ADDED from GradleBuild/AppLauncher/AndroidManifest.xml:48:18-44
	android:icon
		ADDED from GradleBuild/AppLauncher/AndroidManifest.xml:46:18-47
	android:theme
		ADDED from GradleBuild/AppLauncher/AndroidManifest.xml:45:18-51
	android:name
		ADDED from GradleBuild/AppLauncher/AndroidManifest.xml:47:18-49
meta-data#com.google.android.maps.v2.API_KEY
ADDED from GradleBuild/AppLauncher/AndroidManifest.xml:54:9-56:74
	android:value
		ADDED from GradleBuild/AppLauncher/AndroidManifest.xml:56:17-72
	android:name
		ADDED from GradleBuild/AppLauncher/AndroidManifest.xml:55:17-66
service#org.cmas.PushMessagingService
ADDED from GradleBuild/AppLauncher/AndroidManifest.xml:71:9-76:19
	android:name
		ADDED from GradleBuild/AppLauncher/AndroidManifest.xml:72:17-53
intent-filter#com.google.firebase.MESSAGING_EVENT
ADDED from GradleBuild/AppLauncher/AndroidManifest.xml:73:13-75:29
action#com.google.firebase.MESSAGING_EVENT
ADDED from GradleBuild/AppLauncher/AndroidManifest.xml:74:17-77
	android:name
		ADDED from GradleBuild/AppLauncher/AndroidManifest.xml:74:25-75
service#org.cmas.PushInstanceIdService
ADDED from GradleBuild/AppLauncher/AndroidManifest.xml:77:9-82:19
	android:name
		ADDED from GradleBuild/AppLauncher/AndroidManifest.xml:78:17-54
intent-filter#com.google.firebase.INSTANCE_ID_EVENT
ADDED from GradleBuild/AppLauncher/AndroidManifest.xml:79:13-81:29
action#com.google.firebase.INSTANCE_ID_EVENT
ADDED from GradleBuild/AppLauncher/AndroidManifest.xml:80:17-79
	android:name
		ADDED from GradleBuild/AppLauncher/AndroidManifest.xml:80:25-77
activity#org.cmas.activities.LoaderActivity
ADDED from GradleBuild/AppLauncher/AndroidManifest.xml:84:9-92:20
	android:label
		ADDED from GradleBuild/AppLauncher/AndroidManifest.xml:87:19-51
	android:configChanges
		ADDED from GradleBuild/AppLauncher/AndroidManifest.xml:85:19-80
	android:theme
		ADDED from GradleBuild/AppLauncher/AndroidManifest.xml:86:19-66
	android:name
		ADDED from GradleBuild/AppLauncher/AndroidManifest.xml:84:19-68
intent-filter#android.intent.action.MAIN+android.intent.category.LAUNCHER
ADDED from GradleBuild/AppLauncher/AndroidManifest.xml:88:13-91:29
action#android.intent.action.MAIN
ADDED from GradleBuild/AppLauncher/AndroidManifest.xml:89:17-68
	android:name
		ADDED from GradleBuild/AppLauncher/AndroidManifest.xml:89:25-66
category#android.intent.category.LAUNCHER
ADDED from GradleBuild/AppLauncher/AndroidManifest.xml:90:17-76
	android:name
		ADDED from GradleBuild/AppLauncher/AndroidManifest.xml:90:27-74
activity#org.cmas.activities.Dispatcher
ADDED from GradleBuild/AppLauncher/AndroidManifest.xml:94:9-97:20
	android:label
		ADDED from GradleBuild/AppLauncher/AndroidManifest.xml:95:19-51
	android:name
		ADDED from GradleBuild/AppLauncher/AndroidManifest.xml:94:19-56
activity#org.cmas.activities.settings.CodeEnter
ADDED from GradleBuild/AppLauncher/AndroidManifest.xml:99:9-101:20
	android:label
		ADDED from GradleBuild/AppLauncher/AndroidManifest.xml:100:19-51
	android:name
		ADDED from GradleBuild/AppLauncher/AndroidManifest.xml:99:19-64
activity#org.cmas.activities.divespot.DiveSpotActivity
ADDED from GradleBuild/AppLauncher/AndroidManifest.xml:103:9-105:20
	android:label
		ADDED from GradleBuild/AppLauncher/AndroidManifest.xml:104:19-51
	android:name
		ADDED from GradleBuild/AppLauncher/AndroidManifest.xml:103:19-71
activity#org.cmas.activities.enter.EnterUsername
ADDED from GradleBuild/AppLauncher/AndroidManifest.xml:107:9-109:20
	android:label
		ADDED from GradleBuild/AppLauncher/AndroidManifest.xml:108:19-51
	android:name
		ADDED from GradleBuild/AppLauncher/AndroidManifest.xml:107:19-65
activity#org.cmas.activities.AuthorizedHolder
ADDED from GradleBuild/AppLauncher/AndroidManifest.xml:111:9-114:20
	android:label
		ADDED from GradleBuild/AppLauncher/AndroidManifest.xml:113:19-51
	android:configChanges
		ADDED from GradleBuild/AppLauncher/AndroidManifest.xml:112:19-80
	android:name
		ADDED from GradleBuild/AppLauncher/AndroidManifest.xml:111:19-62
activity#org.cmas.activities.enter.Registration
ADDED from GradleBuild/AppLauncher/AndroidManifest.xml:116:9-118:20
	android:label
		ADDED from GradleBuild/AppLauncher/AndroidManifest.xml:117:19-51
	android:name
		ADDED from GradleBuild/AppLauncher/AndroidManifest.xml:116:19-64
uses-sdk
INJECTED from GradleBuild/AppLauncher/AndroidManifest.xml reason: use-sdk injection requested
MERGED from [GradleBuild:CMAS_Mobile:unspecified] AndroidManifest.xml:7:5-9:41
MERGED from [GradleBuild:SlidingMenu:unspecified] AndroidManifest.xml:7:5-9:41
MERGED from [com.android.support:support-v4:24.2.1] AndroidManifest.xml:21:5-23:54
MERGED from [com.android.support:support-compat:24.2.1] AndroidManifest.xml:21:5-23:58
MERGED from [com.android.support:support-media-compat:24.2.1] AndroidManifest.xml:21:5-23:63
MERGED from [com.android.support:support-core-utils:24.2.1] AndroidManifest.xml:21:5-23:61
MERGED from [com.android.support:support-core-ui:24.2.1] AndroidManifest.xml:21:5-23:58
MERGED from [com.android.support:support-fragment:24.2.1] AndroidManifest.xml:21:5-23:60
MERGED from [com.android.support:appcompat-v7:24.2.1] AndroidManifest.xml:21:5-23:78
MERGED from [com.android.support:support-vector-drawable:24.2.1] AndroidManifest.xml:21:5-43
MERGED from [com.android.support:animated-vector-drawable:24.2.1] AndroidManifest.xml:20:5-44
MERGED from [GradleBuild:UndoBar:unspecified] AndroidManifest.xml:23:5-25:41
MERGED from [com.google.firebase:firebase-core:9.6.1] AndroidManifest.xml:4:5-42
MERGED from [com.google.firebase:firebase-analytics:9.6.1] AndroidManifest.xml:17:5-42
MERGED from [com.google.android.gms:play-services-basement:9.6.1] AndroidManifest.xml:17:5-42
MERGED from [com.google.firebase:firebase-common:9.6.1] AndroidManifest.xml:3:5-42
MERGED from [com.google.android.gms:play-services-tasks:9.6.1] AndroidManifest.xml:3:5-42
MERGED from [com.google.firebase:firebase-analytics-impl:9.6.1] AndroidManifest.xml:17:5-42
MERGED from [com.google.firebase:firebase-iid:9.6.1] AndroidManifest.xml:17:5-42
MERGED from [com.google.firebase:firebase-messaging:9.6.1] AndroidManifest.xml:17:5-42
MERGED from [com.google.android.gms:play-services-maps:9.6.1] AndroidManifest.xml:23:5-42
MERGED from [com.google.android.gms:play-services-base:9.6.1] AndroidManifest.xml:17:5-42
MERGED from [com.google.android.gms:play-services-location:9.6.1] AndroidManifest.xml:3:5-42
	tools:overrideLibrary
		ADDED from [com.android.support:support-v4:24.2.1] AndroidManifest.xml:23:9-51
	android:targetSdkVersion
		INJECTED from GradleBuild/AppLauncher/AndroidManifest.xml
		INJECTED from GradleBuild/AppLauncher/AndroidManifest.xml
	android:minSdkVersion
		INJECTED from GradleBuild/AppLauncher/AndroidManifest.xml
		INJECTED from GradleBuild/AppLauncher/AndroidManifest.xml
receiver#com.google.android.gms.measurement.AppMeasurementReceiver
ADDED from [com.google.firebase:firebase-analytics:9.6.1] AndroidManifest.xml:25:7-26:18
MERGED from [com.google.firebase:firebase-analytics-impl:9.6.1] AndroidManifest.xml:25:7-26:18
	android:enabled
		ADDED from [com.google.firebase:firebase-analytics:9.6.1] AndroidManifest.xml:25:90-112
	android:exported
		ADDED from [com.google.firebase:firebase-analytics:9.6.1] AndroidManifest.xml:25:113-137
	android:name
		ADDED from [com.google.firebase:firebase-analytics:9.6.1] AndroidManifest.xml:25:17-89
receiver#com.google.android.gms.measurement.AppMeasurementInstallReferrerReceiver
ADDED from [com.google.firebase:firebase-analytics:9.6.1] AndroidManifest.xml:27:7-31:18
	android:enabled
		ADDED from [com.google.firebase:firebase-analytics:9.6.1] AndroidManifest.xml:27:162-184
	android:permission
		ADDED from [com.google.firebase:firebase-analytics:9.6.1] AndroidManifest.xml:27:105-161
	android:name
		ADDED from [com.google.firebase:firebase-analytics:9.6.1] AndroidManifest.xml:27:17-104
intent-filter#com.android.vending.INSTALL_REFERRER
ADDED from [com.google.firebase:firebase-analytics:9.6.1] AndroidManifest.xml:28:11-30:27
action#com.android.vending.INSTALL_REFERRER
ADDED from [com.google.firebase:firebase-analytics:9.6.1] AndroidManifest.xml:29:15-76
	android:name
		ADDED from [com.google.firebase:firebase-analytics:9.6.1] AndroidManifest.xml:29:23-74
service#com.google.android.gms.measurement.AppMeasurementService
ADDED from [com.google.firebase:firebase-analytics:9.6.1] AndroidManifest.xml:32:7-137
MERGED from [com.google.firebase:firebase-analytics-impl:9.6.1] AndroidManifest.xml:27:7-137
	android:enabled
		ADDED from [com.google.firebase:firebase-analytics:9.6.1] AndroidManifest.xml:32:88-110
	android:exported
		ADDED from [com.google.firebase:firebase-analytics:9.6.1] AndroidManifest.xml:32:111-135
	android:name
		ADDED from [com.google.firebase:firebase-analytics:9.6.1] AndroidManifest.xml:32:16-87
meta-data#com.google.android.gms.version
ADDED from [com.google.android.gms:play-services-basement:9.6.1] AndroidManifest.xml:20:9-121
	android:value
		ADDED from [com.google.android.gms:play-services-basement:9.6.1] AndroidManifest.xml:20:66-119
	android:name
		ADDED from [com.google.android.gms:play-services-basement:9.6.1] AndroidManifest.xml:20:20-65
provider#com.google.firebase.provider.FirebaseInitProvider
ADDED from [com.google.firebase:firebase-common:9.6.1] AndroidManifest.xml:6:9-175
	android:authorities
		ADDED from [com.google.firebase:firebase-common:9.6.1] AndroidManifest.xml:6:19-78
		INJECTED from GradleBuild/AppLauncher/AndroidManifest.xml
	android:exported
		ADDED from [com.google.firebase:firebase-common:9.6.1] AndroidManifest.xml:6:125-149
	android:initOrder
		ADDED from [com.google.firebase:firebase-common:9.6.1] AndroidManifest.xml:6:150-173
	android:name
		ADDED from [com.google.firebase:firebase-common:9.6.1] AndroidManifest.xml:6:79-124
permission#${applicationId}.permission.C2D_MESSAGE
ADDED from [com.google.firebase:firebase-iid:9.6.1] AndroidManifest.xml:24:5-109
	android:protectionLevel
		ADDED from [com.google.firebase:firebase-iid:9.6.1] AndroidManifest.xml:24:72-107
	android:name
		ADDED from [com.google.firebase:firebase-iid:9.6.1] AndroidManifest.xml:24:17-71
		INJECTED from GradleBuild/AppLauncher/AndroidManifest.xml
uses-permission#${applicationId}.permission.C2D_MESSAGE
ADDED from [com.google.firebase:firebase-iid:9.6.1] AndroidManifest.xml:26:5-78
	android:name
		ADDED from [com.google.firebase:firebase-iid:9.6.1] AndroidManifest.xml:26:22-76
		INJECTED from GradleBuild/AppLauncher/AndroidManifest.xml
receiver#com.google.firebase.iid.FirebaseInstanceIdReceiver
ADDED from [com.google.firebase:firebase-iid:9.6.1] AndroidManifest.xml:30:9-36:20
	android:exported
		ADDED from [com.google.firebase:firebase-iid:9.6.1] AndroidManifest.xml:30:85-108
	android:permission
		ADDED from [com.google.firebase:firebase-iid:9.6.1] AndroidManifest.xml:30:109-169
	android:name
		ADDED from [com.google.firebase:firebase-iid:9.6.1] AndroidManifest.xml:30:19-84
intent-filter#${applicationId}+com.google.android.c2dm.intent.RECEIVE+com.google.android.c2dm.intent.REGISTRATION
ADDED from [com.google.firebase:firebase-iid:9.6.1] AndroidManifest.xml:31:13-35:29
action#com.google.android.c2dm.intent.RECEIVE
ADDED from [com.google.firebase:firebase-iid:9.6.1] AndroidManifest.xml:32:17-80
	android:name
		ADDED from [com.google.firebase:firebase-iid:9.6.1] AndroidManifest.xml:32:25-78
action#com.google.android.c2dm.intent.REGISTRATION
ADDED from [com.google.firebase:firebase-iid:9.6.1] AndroidManifest.xml:33:17-85
	android:name
		ADDED from [com.google.firebase:firebase-iid:9.6.1] AndroidManifest.xml:33:25-83
category#${applicationId}
ADDED from [com.google.firebase:firebase-iid:9.6.1] AndroidManifest.xml:34:17-60
	android:name
		ADDED from [com.google.firebase:firebase-iid:9.6.1] AndroidManifest.xml:34:27-58
		INJECTED from GradleBuild/AppLauncher/AndroidManifest.xml
receiver#com.google.firebase.iid.FirebaseInstanceIdInternalReceiver
ADDED from [com.google.firebase:firebase-iid:9.6.1] AndroidManifest.xml:40:9-119
	android:exported
		ADDED from [com.google.firebase:firebase-iid:9.6.1] AndroidManifest.xml:40:93-117
	android:name
		ADDED from [com.google.firebase:firebase-iid:9.6.1] AndroidManifest.xml:40:19-92
service#com.google.firebase.iid.FirebaseInstanceIdService
ADDED from [com.google.firebase:firebase-iid:9.6.1] AndroidManifest.xml:44:9-48:19
	android:exported
		ADDED from [com.google.firebase:firebase-iid:9.6.1] AndroidManifest.xml:44:83-106
	android:name
		ADDED from [com.google.firebase:firebase-iid:9.6.1] AndroidManifest.xml:44:18-82
service#com.google.firebase.messaging.FirebaseMessagingService
ADDED from [com.google.firebase:firebase-messaging:9.6.1] AndroidManifest.xml:23:9-27:19
	android:exported
		ADDED from [com.google.firebase:firebase-messaging:9.6.1] AndroidManifest.xml:23:88-111
	android:name
		ADDED from [com.google.firebase:firebase-messaging:9.6.1] AndroidManifest.xml:23:18-87
activity#com.google.android.gms.common.api.GoogleApiActivity
ADDED from [com.google.android.gms:play-services-base:9.6.1] AndroidManifest.xml:19:9-172
	android:exported
		ADDED from [com.google.android.gms:play-services-base:9.6.1] AndroidManifest.xml:19:146-170
	android:theme
		ADDED from [com.google.android.gms:play-services-base:9.6.1] AndroidManifest.xml:19:86-145
	android:name
		ADDED from [com.google.android.gms:play-services-base:9.6.1] AndroidManifest.xml:19:19-85